<?xml version="1.0" encoding="UTF-8"?>
<!-- Generated by org.testng.reporters.JUnitReportReporter -->
<testsuite hostname="Sandz" failures="0" tests="4" name="com.qa.BankDemo.Tests.HomePageTest" time="31.685" errors="0" timestamp="2020-07-10T14:40:30 GMT-04:00" skipped="0">
  <testcase classname="com.qa.BankDemo.Tests.HomePageTest" name="homePageTitleVerification" time="7.776"/>
  <system-out/>
  <testcase classname="com.qa.BankDemo.Tests.HomePageTest" name="validatingMaanagerIDText" time="7.953"/>
  <system-out/>
  <testcase classname="com.qa.BankDemo.Tests.HomePageTest" name="VerifyPasswordChange" time="7.756"/>
  <system-out/>
  <testcase classname="com.qa.BankDemo.Tests.HomePageTest" name="VerifyPasswordChange_test2" time="8.200"/>
  <system-out/>
</testsuite> <!-- com.qa.BankDemo.Tests.HomePageTest -->
