<?xml version="1.0" encoding="UTF-8"?>
<!-- Generated by org.testng.reporters.JUnitReportReporter -->
<testsuite hostname="Sandz" failures="0" tests="5" name="com.qa.BankDemo.Tests.loginPageTest" time="76.527" errors="0" timestamp="2020-07-16T11:04:26 GMT-04:00" skipped="0">
  <testcase classname="com.qa.BankDemo.Tests.loginPageTest" name="loginTest" time="23.126"/>
  <system-out/>
  <testcase classname="com.qa.BankDemo.Tests.loginPageTest" name="loginVerifivation" time="17.671"/>
  <system-out/>
  <testcase classname="com.qa.BankDemo.Tests.loginPageTest" name="loginVerifivation" time="10.080"/>
  <system-out/>
  <testcase classname="com.qa.BankDemo.Tests.loginPageTest" name="loginVerifivation" time="17.936"/>
  <system-out/>
  <testcase classname="com.qa.BankDemo.Tests.loginPageTest" name="loginVerifivation" time="7.714"/>
  <system-out/>
</testsuite> <!-- com.qa.BankDemo.Tests.loginPageTest -->
