<?xml version="1.0" encoding="UTF-8"?>
<!-- Generated by org.testng.reporters.JUnitReportReporter -->
<testsuite hostname="Sandz" failures="0" tests="1" name="com.qa.BankDemo.Tests.NewCustomerPageTest" time="15.321" errors="0" timestamp="2020-07-17T16:40:37 GMT-04:00" skipped="0">
  <testcase classname="com.qa.BankDemo.Tests.NewCustomerPageTest" name="verify_adding_NewCustomer" time="15.321"/>
  <system-out/>
</testsuite> <!-- com.qa.BankDemo.Tests.NewCustomerPageTest -->
